#
# A fatal error has been detected by the Java Runtime Environment:
#
#  EXCEPTION_ACCESS_VIOLATION (0xc0000005) at pc=0x000001f90000112d, pid=9376, tid=15436
#
# JRE version: OpenJDK Runtime Environment Corretto-11.0.20.9.1 (11.0.20.1+9) (build 11.0.20.1+9-LTS)
# Java VM: OpenJDK 64-Bit Server VM Corretto-11.0.20.9.1 (11.0.20.1+9-LTS, mixed mode, tiered, compressed oops, g1 gc, windows-amd64)
# Problematic frame:
# v  ~StubRoutines::get_previous_fp
#
# No core dump will be written. Minidumps are not enabled by default on client versions of Windows
#
# If you would like to submit a bug report, please visit:
#   https://github.com/corretto/corretto-11/issues/
#

---------------  S U M M A R Y ------------

Command Line: -javaagent:C:\\Users\\Lenovo\\.m2\\repository\\org\\jacoco\\org.jacoco.agent\\0.7.9\\org.jacoco.agent-0.7.9-runtime.jar=destfile=D:\\DevOps\\projetSpring\\DevOps_Project\\DevOps_Project\\target\\jacoco.exec C:\Users\Lenovo\AppData\Local\Temp\surefire16605814683151895636\surefirebooter-20231029012550306_3.jar C:\Users\Lenovo\AppData\Local\Temp\surefire16605814683151895636 2023-10-29T01-25-47_259-jvmRun1 surefire-20231029012550306_1tmp surefire_0-20231029012550306_2tmp

Host: Intel(R) Core(TM) i7-7700HQ CPU @ 2.80GHz, 8 cores, 15G,  Windows 10 , 64 bit Build 19041 (10.0.19041.3155)
Time: Sun Oct 29 01:25:50 2023 GMT elapsed time: 0.414513 seconds (0d 0h 0m 0s)

---------------  T H R E A D  ---------------

Current thread (0x000001f96dd7d800):  JavaThread "main" [_thread_in_vm, id=15436, stack(0x0000003e1fd00000,0x0000003e1fe00000)]

Stack: [0x0000003e1fd00000,0x0000003e1fe00000],  sp=0x0000003e1fdff070,  free space=1020k
Native frames: (J=compiled Java code, j=interpreted, Vv=VM code, C=native code)
C  0x000001f90000112d


siginfo: EXCEPTION_ACCESS_VIOLATION (0xc0000005), reading address 0x00000000000003d8


Register to memory mapping:

RIP=0x000001f90000112d is at begin+8 in a stub
StubRoutines::get_previous_fp [0x000001f900001125, 0x000001f900001132[ (13 bytes)
RAX=0x00000000000003d8 is an unknown value
RBX=0x0000003e1fdff110 is pointing into the stack for thread: 0x000001f96dd7d800
RCX=0x0000003e1fdff110 is pointing into the stack for thread: 0x000001f96dd7d800
RDX=0x0 is NULL
RSP=0x0000003e1fdff070 is pointing into the stack for thread: 0x000001f96dd7d800
RBP=0x0000003e1fdff070 is pointing into the stack for thread: 0x000001f96dd7d800
RSI=0x0 is NULL
RDI=0x000001f96dd7d800 is a thread
R8 =0x0000003e1fdfefe8 is pointing into the stack for thread: 0x000001f96dd7d800
R9 =0x0000000000000001 is an unknown value
R10=0x0 is NULL
R11=0x0000003e1fdff0a0 is pointing into the stack for thread: 0x000001f96dd7d800
R12=0x000001f96bbac548 points into unknown readable memory: 0x1000a3268a7f8f96 | 96 8f 7f 8a 26 a3 00 10
R13=0x0000000000000008 is an unknown value
R14=0x000001f913041900 points into unknown readable memory: 0x000001f91249f8b0 | b0 f8 49 12 f9 01 00 00
R15=0x000001f96bbac170 points into unknown readable memory: 0x6e616c2e6176616a | 6a 61 76 61 2e 6c 61 6e


Registers:
RAX=0x00000000000003d8, RBX=0x0000003e1fdff110, RCX=0x0000003e1fdff110, RDX=0x0000000000000000
RSP=0x0000003e1fdff070, RBP=0x0000003e1fdff070, RSI=0x0000000000000000, RDI=0x000001f96dd7d800
R8 =0x0000003e1fdfefe8, R9 =0x0000000000000001, R10=0x0000000000000000, R11=0x0000003e1fdff0a0
R12=0x000001f96bbac548, R13=0x0000000000000008, R14=0x000001f913041900, R15=0x000001f96bbac170
RIP=0x000001f90000112d, EFLAGS=0x0000000000010202

Top of Stack: (sp=0x0000003e1fdff070)
0x0000003e1fdff070:   00000000000003d8 00007ffefbc33d36
0x0000003e1fdff080:   00000000000000af 0000003e1fdff170
0x0000003e1fdff090:   00007fff684782c0 00007fff6f74b3e4
0x0000003e1fdff0a0:   0000000000007fd8 00007ffefb6d2c0c
0x0000003e1fdff0b0:   000001f96dd7d800 000001f96bbb0140
0x0000003e1fdff0c0:   00000000000007d0 000001f96bbac160
0x0000003e1fdff0d0:   000001f96dd7d800 00007ffefbd82e51
0x0000003e1fdff0e0:   000001f96bbb0140 000001f96bbac160
0x0000003e1fdff0f0:   000001f96bbac160 000001f911b8ec80
0x0000003e1fdff100:   000001f96bbb3018 00007fff6847148c
0x0000003e1fdff110:   0000000000000000 0000000000000004
0x0000003e1fdff120:   00007fff684782c0 0000003e1fdff170
0x0000003e1fdff130:   00007fff6f81f540 000001f96bbb2b50
0x0000003e1fdff140:   000088e75dbd743e 00007fff68477ad0
0x0000003e1fdff150:   000001f96dd7d800 00007ffefbc36360
0x0000003e1fdff160:   000001f96dd7db48 00007fff684782c0 

Instructions: (pc=0x000001f90000112d)
0x000001f90000102d:   84 83 00 00 00 83 fa 07 0f 84 80 00 00 00 89 01
0x000001f90000103d:   48 8d a5 28 fe ff ff c5 fa 6f 75 b8 c5 fa 6f 7d
0x000001f90000104d:   a8 c5 7a 6f 45 98 c5 7a 6f 4d 88 c5 7a 6f 95 78
0x000001f90000105d:   ff ff ff c5 7a 6f 9d 68 ff ff ff c5 7a 6f a5 58
0x000001f90000106d:   ff ff ff c5 7a 6f ad 48 ff ff ff c5 7a 6f b5 38
0x000001f90000107d:   ff ff ff c5 7a 6f bd 28 ff ff ff 4c 8b 7d c8 4c
0x000001f90000108d:   8b 75 d0 4c 8b 6d d8 4c 8b 65 e0 48 8b 5d f8 48
0x000001f90000109d:   8b 7d e8 48 8b 75 f0 48 81 c4 d8 01 00 00 c5 f8
0x000001f9000010ad:   77 5d c3 48 89 01 eb 88 c5 fa 11 01 eb 82 c5 fb
0x000001f9000010bd:   11 01 e9 79 ff ff ff 49 89 47 08 49 ba b0 e4 f2
0x000001f9000010cd:   fb fe 7f 00 00 4d 89 57 10 41 c7 47 18 da 01 00
0x000001f9000010dd:   00 e9 2d ff ff ff 8b c1 87 02 c3 48 8b c1 48 87
0x000001f9000010ed:   02 c3 41 8b c0 f0 0f b1 0a c3 49 0f be c0 f0 0f
0x000001f9000010fd:   b0 0a c3 49 8b c0 f0 48 0f b1 0a c3 8b c1 f0 0f
0x000001f90000110d:   c1 0a 03 c1 c3 48 8b c1 f0 48 0f c1 0a 48 03 c1
0x000001f90000111d:   c3 f0 83 44 24 c0 00 c3 55 48 8b ec 48 8b 45 00
0x000001f90000112d:   48 8b 00 5d c3 48 8b c4 48 83 c0 08 c3 c3 0f 1f
0x000001f90000113d:   44 00 00 55 48 8b ec 49 b9 b0 61 07 fc fe 7f 00
0x000001f90000114d:   00 f7 d1 41 83 f8 10 0f 8c 38 02 00 00 44 8b da
0x000001f90000115d:   41 83 e3 0f 74 23 41 83 eb 10 45 03 c3 66 90 0f
0x000001f90000116d:   be 02 33 c1 81 e0 ff 00 00 00 c1 e9 08 41 33 0c
0x000001f90000117d:   81 48 ff c2 41 ff c3 7c e6 45 8b d8 41 c1 e8 04
0x000001f90000118d:   0f 84 fc 01 00 00 c5 f9 6f 0a c5 f9 7e c8 33 c8
0x000001f90000119d:   c4 e3 71 22 c9 00 48 83 c2 10 41 83 e8 04 0f 8c
0x000001f9000011ad:   d7 00 00 00 c5 f9 6f 12 c5 f9 6f 5a 10 c5 f9 6f
0x000001f9000011bd:   62 20 48 83 c2 30 41 83 e8 03 0f 8e 70 00 00 00
0x000001f9000011cd:   49 ba a0 61 07 fc fe 7f 00 00 c4 c1 7a 6f 02 0f
0x000001f9000011dd:   1f 40 00 c4 e3 79 44 e9 11 c4 e3 79 44 c9 00 c5
0x000001f9000011ed:   f1 ef 0a c5 f1 ef cd c4 e3 79 44 ea 11 c4 e3 79
0x000001f9000011fd:   44 d2 00 c5 e9 ef 52 10 c5 e9 ef d5 c4 e3 79 44
0x000001f90000120d:   eb 11 c4 e3 79 44 db 00 c5 e1 ef 5a 20 c5 e1 ef
0x000001f90000121d:   dd c4 e3 79 44 ec 11 c4 e3 79 44 e4 00 c5 d9 ef 


Stack slot to memory mapping:
stack at sp + 0 slots: 0x00000000000003d8 is an unknown value
stack at sp + 1 slots: 0x00007ffefbc33d36 jvm.dll
stack at sp + 2 slots: 0x00000000000000af is an unknown value
stack at sp + 3 slots: 0x0000003e1fdff170 is pointing into the stack for thread: 0x000001f96dd7d800
stack at sp + 4 slots: 0x00007fff684782c0 instrument.dll
stack at sp + 5 slots: 0x00007fff6f74b3e4 ucrtbase.dll
stack at sp + 6 slots: 0x0000000000007fd8 is an unknown value
stack at sp + 7 slots: 0x00007ffefb6d2c0c jvm.dll

StubRoutines::get_previous_fp [0x000001f900001125, 0x000001f900001132[ (13 bytes)
---------------  P R O C E S S  ---------------

Threads class SMR info:
_java_thread_list=0x000001f9125f99d0, length=11, elements={
0x000001f96dd7d800, 0x000001f911b65800, 0x000001f911b67000, 0x000001f91247d800,
0x000001f91247e800, 0x000001f91247f800, 0x000001f912427000, 0x000001f91242f800,
0x000001f912431800, 0x000001f911b23000, 0x000001f912611800
}

Java Threads: ( => current thread )
=>0x000001f96dd7d800 JavaThread "main" [_thread_in_vm, id=15436, stack(0x0000003e1fd00000,0x0000003e1fe00000)]
  0x000001f911b65800 JavaThread "Reference Handler" daemon [_thread_blocked, id=17016, stack(0x0000003e20400000,0x0000003e20500000)]
  0x000001f911b67000 JavaThread "Finalizer" daemon [_thread_blocked, id=9664, stack(0x0000003e20500000,0x0000003e20600000)]
  0x000001f91247d800 JavaThread "Signal Dispatcher" daemon [_thread_blocked, id=12748, stack(0x0000003e20600000,0x0000003e20700000)]
  0x000001f91247e800 JavaThread "Attach Listener" daemon [_thread_blocked, id=8816, stack(0x0000003e20700000,0x0000003e20800000)]
  0x000001f91247f800 JavaThread "Service Thread" daemon [_thread_blocked, id=10640, stack(0x0000003e20800000,0x0000003e20900000)]
  0x000001f912427000 JavaThread "C2 CompilerThread0" daemon [_thread_blocked, id=13628, stack(0x0000003e20900000,0x0000003e20a00000)]
  0x000001f91242f800 JavaThread "C1 CompilerThread0" daemon [_thread_blocked, id=17716, stack(0x0000003e20a00000,0x0000003e20b00000)]
  0x000001f912431800 JavaThread "Sweeper thread" daemon [_thread_blocked, id=8200, stack(0x0000003e20b00000,0x0000003e20c00000)]
  0x000001f911b23000 JavaThread "Common-Cleaner" daemon [_thread_blocked, id=1584, stack(0x0000003e20c00000,0x0000003e20d00000)]
  0x000001f912611800 JavaThread "C2 CompilerThread1" daemon [_thread_blocked, id=5508, stack(0x0000003e20d00000,0x0000003e20e00000)]

Other Threads:
  0x000001f911b8e000 VMThread "VM Thread" [stack: 0x0000003e20300000,0x0000003e20400000] [id=6004]
  0x000001f96dd95000 GCTaskThread "GC Thread#0" [stack: 0x0000003e1fe00000,0x0000003e1ff00000] [id=16172]
  0x000001f96ddf3000 ConcurrentGCThread "G1 Main Marker" [stack: 0x0000003e1ff00000,0x0000003e20000000] [id=17064]
  0x000001f96ddf5800 ConcurrentGCThread "G1 Conc#0" [stack: 0x0000003e20000000,0x0000003e20100000] [id=18276]
  0x000001f96de5e800 ConcurrentGCThread "G1 Refine#0" [stack: 0x0000003e20100000,0x0000003e20200000] [id=3424]
  0x000001f911a4c000 ConcurrentGCThread "G1 Young RemSet Sampling" [stack: 0x0000003e20200000,0x0000003e20300000] [id=17300]

Threads with active compile tasks:

VM state:not at safepoint (normal execution)

VM Mutex/Monitor currently owned by a thread: None

Heap address: 0x0000000701a00000, size: 4070 MB, Compressed Oops mode: Zero based, Oop shift amount: 3
Narrow klass base: 0x0000000800000000, Narrow klass shift: 0
Compressed class space size: 1073741824 Address: 0x0000000800000000

Heap:
 garbage-first heap   total 262144K, used 11264K [0x0000000701a00000, 0x0000000800000000)
  region size 1024K, 11 young (11264K), 0 survivors (0K)
 Metaspace       used 7763K, capacity 7893K, committed 8192K, reserved 1056768K
  class space    used 671K, capacity 712K, committed 768K, reserved 1048576K
Heap Regions: E=young(eden), S=young(survivor), O=old, HS=humongous(starts), HC=humongous(continues), CS=collection set, F=free, A=archive, TAMS=top-at-mark-start (previous, next)
|   0|0x0000000701a00000, 0x0000000701b00000, 0x0000000701b00000|100%|HS|  |TAMS 0x0000000701a00000, 0x0000000701a00000| Complete 
|   1|0x0000000701b00000, 0x0000000701b00000, 0x0000000701c00000|  0%| F|  |TAMS 0x0000000701b00000, 0x0000000701b00000| Untracked 
|   2|0x0000000701c00000, 0x0000000701c00000, 0x0000000701d00000|  0%| F|  |TAMS 0x0000000701c00000, 0x0000000701c00000| Untracked 
|   3|0x0000000701d00000, 0x0000000701d00000, 0x0000000701e00000|  0%| F|  |TAMS 0x0000000701d00000, 0x0000000701d00000| Untracked 
|   4|0x0000000701e00000, 0x0000000701e00000, 0x0000000701f00000|  0%| F|  |TAMS 0x0000000701e00000, 0x0000000701e00000| Untracked 
|   5|0x0000000701f00000, 0x0000000701f00000, 0x0000000702000000|  0%| F|  |TAMS 0x0000000701f00000, 0x0000000701f00000| Untracked 
|   6|0x0000000702000000, 0x0000000702000000, 0x0000000702100000|  0%| F|  |TAMS 0x0000000702000000, 0x0000000702000000| Untracked 
|   7|0x0000000702100000, 0x0000000702100000, 0x0000000702200000|  0%| F|  |TAMS 0x0000000702100000, 0x0000000702100000| Untracked 
|   8|0x0000000702200000, 0x0000000702200000, 0x0000000702300000|  0%| F|  |TAMS 0x0000000702200000, 0x0000000702200000| Untracked 
|   9|0x0000000702300000, 0x0000000702300000, 0x0000000702400000|  0%| F|  |TAMS 0x0000000702300000, 0x0000000702300000| Untracked 
|  10|0x0000000702400000, 0x0000000702400000, 0x0000000702500000|  0%| F|  |TAMS 0x0000000702400000, 0x0000000702400000| Untracked 
|  11|0x0000000702500000, 0x0000000702500000, 0x0000000702600000|  0%| F|  |TAMS 0x0000000702500000, 0x0000000702500000| Untracked 
|  12|0x0000000702600000, 0x0000000702600000, 0x0000000702700000|  0%| F|  |TAMS 0x0000000702600000, 0x0000000702600000| Untracked 
|  13|0x0000000702700000, 0x0000000702700000, 0x0000000702800000|  0%| F|  |TAMS 0x0000000702700000, 0x0000000702700000| Untracked 
|  14|0x0000000702800000, 0x0000000702800000, 0x0000000702900000|  0%| F|  |TAMS 0x0000000702800000, 0x0000000702800000| Untracked 
|  15|0x0000000702900000, 0x0000000702900000, 0x0000000702a00000|  0%| F|  |TAMS 0x0000000702900000, 0x0000000702900000| Untracked 
|  16|0x0000000702a00000, 0x0000000702a00000, 0x0000000702b00000|  0%| F|  |TAMS 0x0000000702a00000, 0x0000000702a00000| Untracked 
|  17|0x0000000702b00000, 0x0000000702b00000, 0x0000000702c00000|  0%| F|  |TAMS 0x0000000702b00000, 0x0000000702b00000| Untracked 
|  18|0x0000000702c00000, 0x0000000702c00000, 0x0000000702d00000|  0%| F|  |TAMS 0x0000000702c00000, 0x0000000702c00000| Untracked 
|  19|0x0000000702d00000, 0x0000000702d00000, 0x0000000702e00000|  0%| F|  |TAMS 0x0000000702d00000, 0x0000000702d00000| Untracked 
|  20|0x0000000702e00000, 0x0000000702e00000, 0x0000000702f00000|  0%| F|  |TAMS 0x0000000702e00000, 0x0000000702e00000| Untracked 
|  21|0x0000000702f00000, 0x0000000702f00000, 0x0000000703000000|  0%| F|  |TAMS 0x0000000702f00000, 0x0000000702f00000| Untracked 
|  22|0x0000000703000000, 0x0000000703000000, 0x0000000703100000|  0%| F|  |TAMS 0x0000000703000000, 0x0000000703000000| Untracked 
|  23|0x0000000703100000, 0x0000000703100000, 0x0000000703200000|  0%| F|  |TAMS 0x0000000703100000, 0x0000000703100000| Untracked 
|  24|0x0000000703200000, 0x0000000703200000, 0x0000000703300000|  0%| F|  |TAMS 0x0000000703200000, 0x0000000703200000| Untracked 
|  25|0x0000000703300000, 0x0000000703300000, 0x0000000703400000|  0%| F|  |TAMS 0x0000000703300000, 0x0000000703300000| Untracked 
|  26|0x0000000703400000, 0x0000000703400000, 0x0000000703500000|  0%| F|  |TAMS 0x0000000703400000, 0x0000000703400000| Untracked 
|  27|0x0000000703500000, 0x0000000703500000, 0x0000000703600000|  0%| F|  |TAMS 0x0000000703500000, 0x0000000703500000| Untracked 
|  28|0x0000000703600000, 0x0000000703600000, 0x0000000703700000|  0%| F|  |TAMS 0x0000000703600000, 0x0000000703600000| Untracked 
|  29|0x0000000703700000, 0x0000000703700000, 0x0000000703800000|  0%| F|  |TAMS 0x0000000703700000, 0x0000000703700000| Untracked 
|  30|0x0000000703800000, 0x0000000703800000, 0x0000000703900000|  0%| F|  |TAMS 0x0000000703800000, 0x0000000703800000| Untracked 
|  31|0x0000000703900000, 0x0000000703900000, 0x0000000703a00000|  0%| F|  |TAMS 0x0000000703900000, 0x0000000703900000| Untracked 
|  32|0x0000000703a00000, 0x0000000703a00000, 0x0000000703b00000|  0%| F|  |TAMS 0x0000000703a00000, 0x0000000703a00000| Untracked 
|  33|0x0000000703b00000, 0x0000000703b00000, 0x0000000703c00000|  0%| F|  |TAMS 0x0000000703b00000, 0x0000000703b00000| Untracked 
|  34|0x0000000703c00000, 0x0000000703c00000, 0x0000000703d00000|  0%| F|  |TAMS 0x0000000703c00000, 0x0000000703c00000| Untracked 
|  35|0x0000000703d00000, 0x0000000703d00000, 0x0000000703e00000|  0%| F|  |TAMS 0x0000000703d00000, 0x0000000703d00000| Untracked 
|  36|0x0000000703e00000, 0x0000000703e00000, 0x0000000703f00000|  0%| F|  |TAMS 0x0000000703e00000, 0x0000000703e00000| Untracked 
|  37|0x0000000703f00000, 0x0000000703f00000, 0x0000000704000000|  0%| F|  |TAMS 0x0000000703f00000, 0x0000000703f00000| Untracked 
|  38|0x0000000704000000, 0x0000000704000000, 0x0000000704100000|  0%| F|  |TAMS 0x0000000704000000, 0x0000000704000000| Untracked 
|  39|0x0000000704100000, 0x0000000704100000, 0x0000000704200000|  0%| F|  |TAMS 0x0000000704100000, 0x0000000704100000| Untracked 
|  40|0x0000000704200000, 0x0000000704200000, 0x0000000704300000|  0%| F|  |TAMS 0x0000000704200000, 0x0000000704200000| Untracked 
|  41|0x0000000704300000, 0x0000000704300000, 0x0000000704400000|  0%| F|  |TAMS 0x0000000704300000, 0x0000000704300000| Untracked 
|  42|0x0000000704400000, 0x0000000704400000, 0x0000000704500000|  0%| F|  |TAMS 0x0000000704400000, 0x0000000704400000| Untracked 
|  43|0x0000000704500000, 0x0000000704500000, 0x0000000704600000|  0%| F|  |TAMS 0x0000000704500000, 0x0000000704500000| Untracked 
|  44|0x0000000704600000, 0x0000000704600000, 0x0000000704700000|  0%| F|  |TAMS 0x0000000704600000, 0x0000000704600000| Untracked 
|  45|0x0000000704700000, 0x0000000704700000, 0x0000000704800000|  0%| F|  |TAMS 0x0000000704700000, 0x0000000704700000| Untracked 
|  46|0x0000000704800000, 0x0000000704800000, 0x0000000704900000|  0%| F|  |TAMS 0x0000000704800000, 0x0000000704800000| Untracked 
|  47|0x0000000704900000, 0x0000000704900000, 0x0000000704a00000|  0%| F|  |TAMS 0x0000000704900000, 0x0000000704900000| Untracked 
|  48|0x0000000704a00000, 0x0000000704a00000, 0x0000000704b00000|  0%| F|  |TAMS 0x0000000704a00000, 0x0000000704a00000| Untracked 
|  49|0x0000000704b00000, 0x0000000704b00000, 0x0000000704c00000|  0%| F|  |TAMS 0x0000000704b00000, 0x0000000704b00000| Untracked 
|  50|0x0000000704c00000, 0x0000000704c00000, 0x0000000704d00000|  0%| F|  |TAMS 0x0000000704c00000, 0x0000000704c00000| Untracked 
|  51|0x0000000704d00000, 0x0000000704d00000, 0x0000000704e00000|  0%| F|  |TAMS 0x0000000704d00000, 0x0000000704d00000| Untracked 
|  52|0x0000000704e00000, 0x0000000704e00000, 0x0000000704f00000|  0%| F|  |TAMS 0x0000000704e00000, 0x0000000704e00000| Untracked 
|  53|0x0000000704f00000, 0x0000000704f00000, 0x0000000705000000|  0%| F|  |TAMS 0x0000000704f00000, 0x0000000704f00000| Untracked 
|  54|0x0000000705000000, 0x0000000705000000, 0x0000000705100000|  0%| F|  |TAMS 0x0000000705000000, 0x0000000705000000| Untracked 
|  55|0x0000000705100000, 0x0000000705100000, 0x0000000705200000|  0%| F|  |TAMS 0x0000000705100000, 0x0000000705100000| Untracked 
|  56|0x0000000705200000, 0x0000000705200000, 0x0000000705300000|  0%| F|  |TAMS 0x0000000705200000, 0x0000000705200000| Untracked 
|  57|0x0000000705300000, 0x0000000705300000, 0x0000000705400000|  0%| F|  |TAMS 0x0000000705300000, 0x0000000705300000| Untracked 
|  58|0x0000000705400000, 0x0000000705400000, 0x0000000705500000|  0%| F|  |TAMS 0x0000000705400000, 0x0000000705400000| Untracked 
|  59|0x0000000705500000, 0x0000000705500000, 0x0000000705600000|  0%| F|  |TAMS 0x0000000705500000, 0x0000000705500000| Untracked 
|  60|0x0000000705600000, 0x0000000705600000, 0x0000000705700000|  0%| F|  |TAMS 0x0000000705600000, 0x0000000705600000| Untracked 
|  61|0x0000000705700000, 0x0000000705700000, 0x0000000705800000|  0%| F|  |TAMS 0x0000000705700000, 0x0000000705700000| Untracked 
|  62|0x0000000705800000, 0x0000000705800000, 0x0000000705900000|  0%| F|  |TAMS 0x0000000705800000, 0x0000000705800000| Untracked 
|  63|0x0000000705900000, 0x0000000705900000, 0x0000000705a00000|  0%| F|  |TAMS 0x0000000705900000, 0x0000000705900000| Untracked 
|  64|0x0000000705a00000, 0x0000000705a00000, 0x0000000705b00000|  0%| F|  |TAMS 0x0000000705a00000, 0x0000000705a00000| Untracked 
|  65|0x0000000705b00000, 0x0000000705b00000, 0x0000000705c00000|  0%| F|  |TAMS 0x0000000705b00000, 0x0000000705b00000| Untracked 
|  66|0x0000000705c00000, 0x0000000705c00000, 0x0000000705d00000|  0%| F|  |TAMS 0x0000000705c00000, 0x0000000705c00000| Untracked 
|  67|0x0000000705d00000, 0x0000000705d00000, 0x0000000705e00000|  0%| F|  |TAMS 0x0000000705d00000, 0x0000000705d00000| Untracked 
|  68|0x0000000705e00000, 0x0000000705e00000, 0x0000000705f00000|  0%| F|  |TAMS 0x0000000705e00000, 0x0000000705e00000| Untracked 
|  69|0x0000000705f00000, 0x0000000705f00000, 0x0000000706000000|  0%| F|  |TAMS 0x0000000705f00000, 0x0000000705f00000| Untracked 
|  70|0x0000000706000000, 0x0000000706000000, 0x0000000706100000|  0%| F|  |TAMS 0x0000000706000000, 0x0000000706000000| Untracked 
|  71|0x0000000706100000, 0x0000000706100000, 0x0000000706200000|  0%| F|  |TAMS 0x0000000706100000, 0x0000000706100000| Untracked 
|  72|0x0000000706200000, 0x0000000706200000, 0x0000000706300000|  0%| F|  |TAMS 0x0000000706200000, 0x0000000706200000| Untracked 
|  73|0x0000000706300000, 0x0000000706300000, 0x0000000706400000|  0%| F|  |TAMS 0x0000000706300000, 0x0000000706300000| Untracked 
|  74|0x0000000706400000, 0x0000000706400000, 0x0000000706500000|  0%| F|  |TAMS 0x0000000706400000, 0x0000000706400000| Untracked 
|  75|0x0000000706500000, 0x0000000706500000, 0x0000000706600000|  0%| F|  |TAMS 0x0000000706500000, 0x0000000706500000| Untracked 
|  76|0x0000000706600000, 0x0000000706600000, 0x0000000706700000|  0%| F|  |TAMS 0x0000000706600000, 0x0000000706600000| Untracked 
|  77|0x0000000706700000, 0x0000000706700000, 0x0000000706800000|  0%| F|  |TAMS 0x0000000706700000, 0x0000000706700000| Untracked 
|  78|0x0000000706800000, 0x0000000706800000, 0x0000000706900000|  0%| F|  |TAMS 0x0000000706800000, 0x0000000706800000| Untracked 
|  79|0x0000000706900000, 0x0000000706900000, 0x0000000706a00000|  0%| F|  |TAMS 0x0000000706900000, 0x0000000706900000| Untracked 
|  80|0x0000000706a00000, 0x0000000706a00000, 0x0000000706b00000|  0%| F|  |TAMS 0x0000000706a00000, 0x0000000706a00000| Untracked 
|  81|0x0000000706b00000, 0x0000000706b00000, 0x0000000706c00000|  0%| F|  |TAMS 0x0000000706b00000, 0x0000000706b00000| Untracked 
|  82|0x0000000706c00000, 0x0000000706c00000, 0x0000000706d00000|  0%| F|  |TAMS 0x0000000706c00000, 0x0000000706c00000| Untracked 
|  83|0x0000000706d00000, 0x0000000706d00000, 0x0000000706e00000|  0%| F|  |TAMS 0x0000000706d00000, 0x0000000706d00000| Untracked 
|  84|0x0000000706e00000, 0x0000000706e00000, 0x0000000706f00000|  0%| F|  |TAMS 0x0000000706e00000, 0x0000000706e00000| Untracked 
|  85|0x0000000706f00000, 0x0000000706f00000, 0x0000000707000000|  0%| F|  |TAMS 0x0000000706f00000, 0x0000000706f00000| Untracked 
|  86|0x0000000707000000, 0x0000000707000000, 0x0000000707100000|  0%| F|  |TAMS 0x0000000707000000, 0x0000000707000000| Untracked 
|  87|0x0000000707100000, 0x0000000707100000, 0x0000000707200000|  0%| F|  |TAMS 0x0000000707100000, 0x0000000707100000| Untracked 
|  88|0x0000000707200000, 0x0000000707200000, 0x0000000707300000|  0%| F|  |TAMS 0x0000000707200000, 0x0000000707200000| Untracked 
|  89|0x0000000707300000, 0x0000000707300000, 0x0000000707400000|  0%| F|  |TAMS 0x0000000707300000, 0x0000000707300000| Untracked 
|  90|0x0000000707400000, 0x0000000707400000, 0x0000000707500000|  0%| F|  |TAMS 0x0000000707400000, 0x0000000707400000| Untracked 
|  91|0x0000000707500000, 0x0000000707500000, 0x0000000707600000|  0%| F|  |TAMS 0x0000000707500000, 0x0000000707500000| Untracked 
|  92|0x0000000707600000, 0x0000000707600000, 0x0000000707700000|  0%| F|  |TAMS 0x0000000707600000, 0x0000000707600000| Untracked 
|  93|0x0000000707700000, 0x0000000707700000, 0x0000000707800000|  0%| F|  |TAMS 0x0000000707700000, 0x0000000707700000| Untracked 
|  94|0x0000000707800000, 0x0000000707800000, 0x0000000707900000|  0%| F|  |TAMS 0x0000000707800000, 0x0000000707800000| Untracked 
|  95|0x0000000707900000, 0x0000000707900000, 0x0000000707a00000|  0%| F|  |TAMS 0x0000000707900000, 0x0000000707900000| Untracked 
|  96|0x0000000707a00000, 0x0000000707a00000, 0x0000000707b00000|  0%| F|  |TAMS 0x0000000707a00000, 0x0000000707a00000| Untracked 
|  97|0x0000000707b00000, 0x0000000707b00000, 0x0000000707c00000|  0%| F|  |TAMS 0x0000000707b00000, 0x0000000707b00000| Untracked 
|  98|0x0000000707c00000, 0x0000000707c00000, 0x0000000707d00000|  0%| F|  |TAMS 0x0000000707c00000, 0x0000000707c00000| Untracked 
|  99|0x0000000707d00000, 0x0000000707d00000, 0x0000000707e00000|  0%| F|  |TAMS 0x0000000707d00000, 0x0000000707d00000| Untracked 
| 100|0x0000000707e00000, 0x0000000707e00000, 0x0000000707f00000|  0%| F|  |TAMS 0x0000000707e00000, 0x0000000707e00000| Untracked 
| 101|0x0000000707f00000, 0x0000000707f00000, 0x0000000708000000|  0%| F|  |TAMS 0x0000000707f00000, 0x0000000707f00000| Untracked 
| 102|0x0000000708000000, 0x0000000708000000, 0x0000000708100000|  0%| F|  |TAMS 0x0000000708000000, 0x0000000708000000| Untracked 
| 103|0x0000000708100000, 0x0000000708100000, 0x0000000708200000|  0%| F|  |TAMS 0x0000000708100000, 0x0000000708100000| Untracked 
| 104|0x0000000708200000, 0x0000000708200000, 0x0000000708300000|  0%| F|  |TAMS 0x0000000708200000, 0x0000000708200000| Untracked 
| 105|0x0000000708300000, 0x0000000708300000, 0x0000000708400000|  0%| F|  |TAMS 0x0000000708300000, 0x0000000708300000| Untracked 
| 106|0x0000000708400000, 0x0000000708400000, 0x0000000708500000|  0%| F|  |TAMS 0x0000000708400000, 0x0000000708400000| Untracked 
| 107|0x0000000708500000, 0x0000000708500000, 0x0000000708600000|  0%| F|  |TAMS 0x0000000708500000, 0x0000000708500000| Untracked 
| 108|0x0000000708600000, 0x0000000708600000, 0x0000000708700000|  0%| F|  |TAMS 0x0000000708600000, 0x0000000708600000| Untracked 
| 109|0x0000000708700000, 0x0000000708700000, 0x0000000708800000|  0%| F|  |TAMS 0x0000000708700000, 0x0000000708700000| Untracked 
| 110|0x0000000708800000, 0x0000000708800000, 0x0000000708900000|  0%| F|  |TAMS 0x0000000708800000, 0x0000000708800000| Untracked 
| 111|0x0000000708900000, 0x0000000708900000, 0x0000000708a00000|  0%| F|  |TAMS 0x0000000708900000, 0x0000000708900000| Untracked 
| 112|0x0000000708a00000, 0x0000000708a00000, 0x0000000708b00000|  0%| F|  |TAMS 0x0000000708a00000, 0x0000000708a00000| Untracked 
| 113|0x0000000708b00000, 0x0000000708b00000, 0x0000000708c00000|  0%| F|  |TAMS 0x0000000708b00000, 0x0000000708b00000| Untracked 
| 114|0x0000000708c00000, 0x0000000708c00000, 0x0000000708d00000|  0%| F|  |TAMS 0x0000000708c00000, 0x0000000708c00000| Untracked 
| 115|0x0000000708d00000, 0x0000000708d00000, 0x0000000708e00000|  0%| F|  |TAMS 0x0000000708d00000, 0x0000000708d00000| Untracked 
| 116|0x0000000708e00000, 0x0000000708e00000, 0x0000000708f00000|  0%| F|  |TAMS 0x0000000708e00000, 0x0000000708e00000| Untracked 
| 117|0x0000000708f00000, 0x0000000708f00000, 0x0000000709000000|  0%| F|  |TAMS 0x0000000708f00000, 0x0000000708f00000| Untracked 
| 118|0x0000000709000000, 0x0000000709000000, 0x0000000709100000|  0%| F|  |TAMS 0x0000000709000000, 0x0000000709000000| Untracked 
| 119|0x0000000709100000, 0x0000000709100000, 0x0000000709200000|  0%| F|  |TAMS 0x0000000709100000, 0x0000000709100000| Untracked 
| 120|0x0000000709200000, 0x0000000709200000, 0x0000000709300000|  0%| F|  |TAMS 0x0000000709200000, 0x0000000709200000| Untracked 
| 121|0x0000000709300000, 0x0000000709300000, 0x0000000709400000|  0%| F|  |TAMS 0x0000000709300000, 0x0000000709300000| Untracked 
| 122|0x0000000709400000, 0x0000000709400000, 0x0000000709500000|  0%| F|  |TAMS 0x0000000709400000, 0x0000000709400000| Untracked 
| 123|0x0000000709500000, 0x0000000709500000, 0x0000000709600000|  0%| F|  |TAMS 0x0000000709500000, 0x0000000709500000| Untracked 
| 124|0x0000000709600000, 0x0000000709600000, 0x0000000709700000|  0%| F|  |TAMS 0x0000000709600000, 0x0000000709600000| Untracked 
| 125|0x0000000709700000, 0x0000000709700000, 0x0000000709800000|  0%| F|  |TAMS 0x0000000709700000, 0x0000000709700000| Untracked 
| 126|0x0000000709800000, 0x0000000709800000, 0x0000000709900000|  0%| F|  |TAMS 0x0000000709800000, 0x0000000709800000| Untracked 
| 127|0x0000000709900000, 0x0000000709900000, 0x0000000709a00000|  0%| F|  |TAMS 0x0000000709900000, 0x0000000709900000| Untracked 
| 128|0x0000000709a00000, 0x0000000709a00000, 0x0000000709b00000|  0%| F|  |TAMS 0x0000000709a00000, 0x0000000709a00000| Untracked 
| 129|0x0000000709b00000, 0x0000000709b00000, 0x0000000709c00000|  0%| F|  |TAMS 0x0000000709b00000, 0x0000000709b00000| Untracked 
| 130|0x0000000709c00000, 0x0000000709c00000, 0x0000000709d00000|  0%| F|  |TAMS 0x0000000709c00000, 0x0000000709c00000| Untracked 
| 131|0x0000000709d00000, 0x0000000709d00000, 0x0000000709e00000|  0%| F|  |TAMS 0x0000000709d00000, 0x0000000709d00000| Untracked 
| 132|0x0000000709e00000, 0x0000000709e00000, 0x0000000709f00000|  0%| F|  |TAMS 0x0000000709e00000, 0x0000000709e00000| Untracked 
| 133|0x0000000709f00000, 0x0000000709f00000, 0x000000070a000000|  0%| F|  |TAMS 0x0000000709f00000, 0x0000000709f00000| Untracked 
| 134|0x000000070a000000, 0x000000070a000000, 0x000000070a100000|  0%| F|  |TAMS 0x000000070a000000, 0x000000070a000000| Untracked 
| 135|0x000000070a100000, 0x000000070a100000, 0x000000070a200000|  0%| F|  |TAMS 0x000000070a100000, 0x000000070a100000| Untracked 
| 136|0x000000070a200000, 0x000000070a200000, 0x000000070a300000|  0%| F|  |TAMS 0x000000070a200000, 0x000000070a200000| Untracked 
| 137|0x000000070a300000, 0x000000070a300000, 0x000000070a400000|  0%| F|  |TAMS 0x000000070a300000, 0x000000070a300000| Untracked 
| 138|0x000000070a400000, 0x000000070a400000, 0x000000070a500000|  0%| F|  |TAMS 0x000000070a400000, 0x000000070a400000| Untracked 
| 139|0x000000070a500000, 0x000000070a500000, 0x000000070a600000|  0%| F|  |TAMS 0x000000070a500000, 0x000000070a500000| Untracked 
| 140|0x000000070a600000, 0x000000070a600000, 0x000000070a700000|  0%| F|  |TAMS 0x000000070a600000, 0x000000070a600000| Untracked 
| 141|0x000000070a700000, 0x000000070a700000, 0x000000070a800000|  0%| F|  |TAMS 0x000000070a700000, 0x000000070a700000| Untracked 
| 142|0x000000070a800000, 0x000000070a800000, 0x000000070a900000|  0%| F|  |TAMS 0x000000070a800000, 0x000000070a800000| Untracked 
| 143|0x000000070a900000, 0x000000070a900000, 0x000000070aa00000|  0%| F|  |TAMS 0x000000070a900000, 0x000000070a900000| Untracked 
| 144|0x000000070aa00000, 0x000000070aa00000, 0x000000070ab00000|  0%| F|  |TAMS 0x000000070aa00000, 0x000000070aa00000| Untracked 
| 145|0x000000070ab00000, 0x000000070ab00000, 0x000000070ac00000|  0%| F|  |TAMS 0x000000070ab00000, 0x000000070ab00000| Untracked 
| 146|0x000000070ac00000, 0x000000070ac00000, 0x000000070ad00000|  0%| F|  |TAMS 0x000000070ac00000, 0x000000070ac00000| Untracked 
| 147|0x000000070ad00000, 0x000000070ad00000, 0x000000070ae00000|  0%| F|  |TAMS 0x000000070ad00000, 0x000000070ad00000| Untracked 
| 148|0x000000070ae00000, 0x000000070ae00000, 0x000000070af00000|  0%| F|  |TAMS 0x000000070ae00000, 0x000000070ae00000| Untracked 
| 149|0x000000070af00000, 0x000000070af00000, 0x000000070b000000|  0%| F|  |TAMS 0x000000070af00000, 0x000000070af00000| Untracked 
| 150|0x000000070b000000, 0x000000070b000000, 0x000000070b100000|  0%| F|  |TAMS 0x000000070b000000, 0x000000070b000000| Untracked 
| 151|0x000000070b100000, 0x000000070b100000, 0x000000070b200000|  0%| F|  |TAMS 0x000000070b100000, 0x000000070b100000| Untracked 
| 152|0x000000070b200000, 0x000000070b200000, 0x000000070b300000|  0%| F|  |TAMS 0x000000070b200000, 0x000000070b200000| Untracked 
| 153|0x000000070b300000, 0x000000070b300000, 0x000000070b400000|  0%| F|  |TAMS 0x000000070b300000, 0x000000070b300000| Untracked 
| 154|0x000000070b400000, 0x000000070b400000, 0x000000070b500000|  0%| F|  |TAMS 0x000000070b400000, 0x000000070b400000| Untracked 
| 155|0x000000070b500000, 0x000000070b500000, 0x000000070b600000|  0%| F|  |TAMS 0x000000070b500000, 0x000000070b500000| Untracked 
| 156|0x000000070b600000, 0x000000070b600000, 0x000000070b700000|  0%| F|  |TAMS 0x000000070b600000, 0x000000070b600000| Untracked 
| 157|0x000000070b700000, 0x000000070b700000, 0x000000070b800000|  0%| F|  |TAMS 0x000000070b700000, 0x000000070b700000| Untracked 
| 158|0x000000070b800000, 0x000000070b800000, 0x000000070b900000|  0%| F|  |TAMS 0x000000070b800000, 0x000000070b800000| Untracked 
| 159|0x000000070b900000, 0x000000070b900000, 0x000000070ba00000|  0%| F|  |TAMS 0x000000070b900000, 0x000000070b900000| Untracked 
| 160|0x000000070ba00000, 0x000000070ba00000, 0x000000070bb00000|  0%| F|  |TAMS 0x000000070ba00000, 0x000000070ba00000| Untracked 
| 161|0x000000070bb00000, 0x000000070bb00000, 0x000000070bc00000|  0%| F|  |TAMS 0x000000070bb00000, 0x000000070bb00000| Untracked 
| 162|0x000000070bc00000, 0x000000070bc00000, 0x000000070bd00000|  0%| F|  |TAMS 0x000000070bc00000, 0x000000070bc00000| Untracked 
| 163|0x000000070bd00000, 0x000000070bd00000, 0x000000070be00000|  0%| F|  |TAMS 0x000000070bd00000, 0x000000070bd00000| Untracked 
| 164|0x000000070be00000, 0x000000070be00000, 0x000000070bf00000|  0%| F|  |TAMS 0x000000070be00000, 0x000000070be00000| Untracked 
| 165|0x000000070bf00000, 0x000000070bf00000, 0x000000070c000000|  0%| F|  |TAMS 0x000000070bf00000, 0x000000070bf00000| Untracked 
| 166|0x000000070c000000, 0x000000070c000000, 0x000000070c100000|  0%| F|  |TAMS 0x000000070c000000, 0x000000070c000000| Untracked 
| 167|0x000000070c100000, 0x000000070c100000, 0x000000070c200000|  0%| F|  |TAMS 0x000000070c100000, 0x000000070c100000| Untracked 
| 168|0x000000070c200000, 0x000000070c200000, 0x000000070c300000|  0%| F|  |TAMS 0x000000070c200000, 0x000000070c200000| Untracked 
| 169|0x000000070c300000, 0x000000070c300000, 0x000000070c400000|  0%| F|  |TAMS 0x000000070c300000, 0x000000070c300000| Untracked 
| 170|0x000000070c400000, 0x000000070c400000, 0x000000070c500000|  0%| F|  |TAMS 0x000000070c400000, 0x000000070c400000| Untracked 
| 171|0x000000070c500000, 0x000000070c500000, 0x000000070c600000|  0%| F|  |TAMS 0x000000070c500000, 0x000000070c500000| Untracked 
| 172|0x000000070c600000, 0x000000070c600000, 0x000000070c700000|  0%| F|  |TAMS 0x000000070c600000, 0x000000070c600000| Untracked 
| 173|0x000000070c700000, 0x000000070c700000, 0x000000070c800000|  0%| F|  |TAMS 0x000000070c700000, 0x000000070c700000| Untracked 
| 174|0x000000070c800000, 0x000000070c800000, 0x000000070c900000|  0%| F|  |TAMS 0x000000070c800000, 0x000000070c800000| Untracked 
| 175|0x000000070c900000, 0x000000070c900000, 0x000000070ca00000|  0%| F|  |TAMS 0x000000070c900000, 0x000000070c900000| Untracked 
| 176|0x000000070ca00000, 0x000000070ca00000, 0x000000070cb00000|  0%| F|  |TAMS 0x000000070ca00000, 0x000000070ca00000| Untracked 
| 177|0x000000070cb00000, 0x000000070cb00000, 0x000000070cc00000|  0%| F|  |TAMS 0x000000070cb00000, 0x000000070cb00000| Untracked 
| 178|0x000000070cc00000, 0x000000070cc00000, 0x000000070cd00000|  0%| F|  |TAMS 0x000000070cc00000, 0x000000070cc00000| Untracked 
| 179|0x000000070cd00000, 0x000000070cd00000, 0x000000070ce00000|  0%| F|  |TAMS 0x000000070cd00000, 0x000000070cd00000| Untracked 
| 180|0x000000070ce00000, 0x000000070ce00000, 0x000000070cf00000|  0%| F|  |TAMS 0x000000070ce00000, 0x000000070ce00000| Untracked 
| 181|0x000000070cf00000, 0x000000070cf00000, 0x000000070d000000|  0%| F|  |TAMS 0x000000070cf00000, 0x000000070cf00000| Untracked 
| 182|0x000000070d000000, 0x000000070d000000, 0x000000070d100000|  0%| F|  |TAMS 0x000000070d000000, 0x000000070d000000| Untracked 
| 183|0x000000070d100000, 0x000000070d100000, 0x000000070d200000|  0%| F|  |TAMS 0x000000070d100000, 0x000000070d100000| Untracked 
| 184|0x000000070d200000, 0x000000070d200000, 0x000000070d300000|  0%| F|  |TAMS 0x000000070d200000, 0x000000070d200000| Untracked 
| 185|0x000000070d300000, 0x000000070d300000, 0x000000070d400000|  0%| F|  |TAMS 0x000000070d300000, 0x000000070d300000| Untracked 
| 186|0x000000070d400000, 0x000000070d400000, 0x000000070d500000|  0%| F|  |TAMS 0x000000070d400000, 0x000000070d400000| Untracked 
| 187|0x000000070d500000, 0x000000070d500000, 0x000000070d600000|  0%| F|  |TAMS 0x000000070d500000, 0x000000070d500000| Untracked 
| 188|0x000000070d600000, 0x000000070d600000, 0x000000070d700000|  0%| F|  |TAMS 0x000000070d600000, 0x000000070d600000| Untracked 
| 189|0x000000070d700000, 0x000000070d700000, 0x000000070d800000|  0%| F|  |TAMS 0x000000070d700000, 0x000000070d700000| Untracked 
| 190|0x000000070d800000, 0x000000070d800000, 0x000000070d900000|  0%| F|  |TAMS 0x000000070d800000, 0x000000070d800000| Untracked 
| 191|0x000000070d900000, 0x000000070d900000, 0x000000070da00000|  0%| F|  |TAMS 0x000000070d900000, 0x000000070d900000| Untracked 
| 192|0x000000070da00000, 0x000000070da00000, 0x000000070db00000|  0%| F|  |TAMS 0x000000070da00000, 0x000000070da00000| Untracked 
| 193|0x000000070db00000, 0x000000070db00000, 0x000000070dc00000|  0%| F|  |TAMS 0x000000070db00000, 0x000000070db00000| Untracked 
| 194|0x000000070dc00000, 0x000000070dc00000, 0x000000070dd00000|  0%| F|  |TAMS 0x000000070dc00000, 0x000000070dc00000| Untracked 
| 195|0x000000070dd00000, 0x000000070dd00000, 0x000000070de00000|  0%| F|  |TAMS 0x000000070dd00000, 0x000000070dd00000| Untracked 
| 196|0x000000070de00000, 0x000000070de00000, 0x000000070df00000|  0%| F|  |TAMS 0x000000070de00000, 0x000000070de00000| Untracked 
| 197|0x000000070df00000, 0x000000070df00000, 0x000000070e000000|  0%| F|  |TAMS 0x000000070df00000, 0x000000070df00000| Untracked 
| 198|0x000000070e000000, 0x000000070e000000, 0x000000070e100000|  0%| F|  |TAMS 0x000000070e000000, 0x000000070e000000| Untracked 
| 199|0x000000070e100000, 0x000000070e100000, 0x000000070e200000|  0%| F|  |TAMS 0x000000070e100000, 0x000000070e100000| Untracked 
| 200|0x000000070e200000, 0x000000070e200000, 0x000000070e300000|  0%| F|  |TAMS 0x000000070e200000, 0x000000070e200000| Untracked 
| 201|0x000000070e300000, 0x000000070e300000, 0x000000070e400000|  0%| F|  |TAMS 0x000000070e300000, 0x000000070e300000| Untracked 
| 202|0x000000070e400000, 0x000000070e400000, 0x000000070e500000|  0%| F|  |TAMS 0x000000070e400000, 0x000000070e400000| Untracked 
| 203|0x000000070e500000, 0x000000070e500000, 0x000000070e600000|  0%| F|  |TAMS 0x000000070e500000, 0x000000070e500000| Untracked 
| 204|0x000000070e600000, 0x000000070e600000, 0x000000070e700000|  0%| F|  |TAMS 0x000000070e600000, 0x000000070e600000| Untracked 
| 205|0x000000070e700000, 0x000000070e700000, 0x000000070e800000|  0%| F|  |TAMS 0x000000070e700000, 0x000000070e700000| Untracked 
| 206|0x000000070e800000, 0x000000070e800000, 0x000000070e900000|  0%| F|  |TAMS 0x000000070e800000, 0x000000070e800000| Untracked 
| 207|0x000000070e900000, 0x000000070e900000, 0x000000070ea00000|  0%| F|  |TAMS 0x000000070e900000, 0x000000070e900000| Untracked 
| 208|0x000000070ea00000, 0x000000070ea00000, 0x000000070eb00000|  0%| F|  |TAMS 0x000000070ea00000, 0x000000070ea00000| Untracked 
| 209|0x000000070eb00000, 0x000000070eb00000, 0x000000070ec00000|  0%| F|  |TAMS 0x000000070eb00000, 0x000000070eb00000| Untracked 
| 210|0x000000070ec00000, 0x000000070ec00000, 0x000000070ed00000|  0%| F|  |TAMS 0x000000070ec00000, 0x000000070ec00000| Untracked 
| 211|0x000000070ed00000, 0x000000070ed00000, 0x000000070ee00000|  0%| F|  |TAMS 0x000000070ed00000, 0x000000070ed00000| Untracked 
| 212|0x000000070ee00000, 0x000000070ee00000, 0x000000070ef00000|  0%| F|  |TAMS 0x000000070ee00000, 0x000000070ee00000| Untracked 
| 213|0x000000070ef00000, 0x000000070ef00000, 0x000000070f000000|  0%| F|  |TAMS 0x000000070ef00000, 0x000000070ef00000| Untracked 
| 214|0x000000070f000000, 0x000000070f000000, 0x000000070f100000|  0%| F|  |TAMS 0x000000070f000000, 0x000000070f000000| Untracked 
| 215|0x000000070f100000, 0x000000070f100000, 0x000000070f200000|  0%| F|  |TAMS 0x000000070f100000, 0x000000070f100000| Untracked 
| 216|0x000000070f200000, 0x000000070f200000, 0x000000070f300000|  0%| F|  |TAMS 0x000000070f200000, 0x000000070f200000| Untracked 
| 217|0x000000070f300000, 0x000000070f300000, 0x000000070f400000|  0%| F|  |TAMS 0x000000070f300000, 0x000000070f300000| Untracked 
| 218|0x000000070f400000, 0x000000070f400000, 0x000000070f500000|  0%| F|  |TAMS 0x000000070f400000, 0x000000070f400000| Untracked 
| 219|0x000000070f500000, 0x000000070f500000, 0x000000070f600000|  0%| F|  |TAMS 0x000000070f500000, 0x000000070f500000| Untracked 
| 220|0x000000070f600000, 0x000000070f600000, 0x000000070f700000|  0%| F|  |TAMS 0x000000070f600000, 0x000000070f600000| Untracked 
| 221|0x000000070f700000, 0x000000070f700000, 0x000000070f800000|  0%| F|  |TAMS 0x000000070f700000, 0x000000070f700000| Untracked 
| 222|0x000000070f800000, 0x000000070f800000, 0x000000070f900000|  0%| F|  |TAMS 0x000000070f800000, 0x000000070f800000| Untracked 
| 223|0x000000070f900000, 0x000000070f900000, 0x000000070fa00000|  0%| F|  |TAMS 0x000000070f900000, 0x000000070f900000| Untracked 
| 224|0x000000070fa00000, 0x000000070fa00000, 0x000000070fb00000|  0%| F|  |TAMS 0x000000070fa00000, 0x000000070fa00000| Untracked 
| 225|0x000000070fb00000, 0x000000070fb00000, 0x000000070fc00000|  0%| F|  |TAMS 0x000000070fb00000, 0x000000070fb00000| Untracked 
| 226|0x000000070fc00000, 0x000000070fc00000, 0x000000070fd00000|  0%| F|  |TAMS 0x000000070fc00000, 0x000000070fc00000| Untracked 
| 227|0x000000070fd00000, 0x000000070fd00000, 0x000000070fe00000|  0%| F|  |TAMS 0x000000070fd00000, 0x000000070fd00000| Untracked 
| 228|0x000000070fe00000, 0x000000070fe00000, 0x000000070ff00000|  0%| F|  |TAMS 0x000000070fe00000, 0x000000070fe00000| Untracked 
| 229|0x000000070ff00000, 0x000000070ff00000, 0x0000000710000000|  0%| F|  |TAMS 0x000000070ff00000, 0x000000070ff00000| Untracked 
| 230|0x0000000710000000, 0x0000000710000000, 0x0000000710100000|  0%| F|  |TAMS 0x0000000710000000, 0x0000000710000000| Untracked 
| 231|0x0000000710100000, 0x0000000710100000, 0x0000000710200000|  0%| F|  |TAMS 0x0000000710100000, 0x0000000710100000| Untracked 
| 232|0x0000000710200000, 0x0000000710200000, 0x0000000710300000|  0%| F|  |TAMS 0x0000000710200000, 0x0000000710200000| Untracked 
| 233|0x0000000710300000, 0x0000000710300000, 0x0000000710400000|  0%| F|  |TAMS 0x0000000710300000, 0x0000000710300000| Untracked 
| 234|0x0000000710400000, 0x0000000710400000, 0x0000000710500000|  0%| F|  |TAMS 0x0000000710400000, 0x0000000710400000| Untracked 
| 235|0x0000000710500000, 0x0000000710500000, 0x0000000710600000|  0%| F|  |TAMS 0x0000000710500000, 0x0000000710500000| Untracked 
| 236|0x0000000710600000, 0x0000000710600000, 0x0000000710700000|  0%| F|  |TAMS 0x0000000710600000, 0x0000000710600000| Untracked 
| 237|0x0000000710700000, 0x0000000710700000, 0x0000000710800000|  0%| F|  |TAMS 0x0000000710700000, 0x0000000710700000| Untracked 
| 238|0x0000000710800000, 0x0000000710800000, 0x0000000710900000|  0%| F|  |TAMS 0x0000000710800000, 0x0000000710800000| Untracked 
| 239|0x0000000710900000, 0x0000000710900000, 0x0000000710a00000|  0%| F|  |TAMS 0x0000000710900000, 0x0000000710900000| Untracked 
| 240|0x0000000710a00000, 0x0000000710a00000, 0x0000000710b00000|  0%| F|  |TAMS 0x0000000710a00000, 0x0000000710a00000| Untracked 
| 241|0x0000000710b00000, 0x0000000710b00000, 0x0000000710c00000|  0%| F|  |TAMS 0x0000000710b00000, 0x0000000710b00000| Untracked 
| 242|0x0000000710c00000, 0x0000000710c00000, 0x0000000710d00000|  0%| F|  |TAMS 0x0000000710c00000, 0x0000000710c00000| Untracked 
| 243|0x0000000710d00000, 0x0000000710d00000, 0x0000000710e00000|  0%| F|  |TAMS 0x0000000710d00000, 0x0000000710d00000| Untracked 
| 244|0x0000000710e00000, 0x0000000710e00000, 0x0000000710f00000|  0%| F|  |TAMS 0x0000000710e00000, 0x0000000710e00000| Untracked 
| 245|0x0000000710f00000, 0x0000000711000000, 0x0000000711000000|100%| E|  |TAMS 0x0000000710f00000, 0x0000000710f00000| Complete 
| 246|0x0000000711000000, 0x0000000711100000, 0x0000000711100000|100%| E|CS|TAMS 0x0000000711000000, 0x0000000711000000| Complete 
| 247|0x0000000711100000, 0x0000000711200000, 0x0000000711200000|100%| E|CS|TAMS 0x0000000711100000, 0x0000000711100000| Complete 
| 248|0x0000000711200000, 0x0000000711300000, 0x0000000711300000|100%| E|CS|TAMS 0x0000000711200000, 0x0000000711200000| Complete 
| 249|0x0000000711300000, 0x0000000711400000, 0x0000000711400000|100%| E|CS|TAMS 0x0000000711300000, 0x0000000711300000| Complete 
| 250|0x0000000711400000, 0x0000000711500000, 0x0000000711500000|100%| E|CS|TAMS 0x0000000711400000, 0x0000000711400000| Complete 
| 251|0x0000000711500000, 0x0000000711600000, 0x0000000711600000|100%| E|CS|TAMS 0x0000000711500000, 0x0000000711500000| Complete 
| 252|0x0000000711600000, 0x0000000711700000, 0x0000000711700000|100%| E|CS|TAMS 0x0000000711600000, 0x0000000711600000| Complete 
| 253|0x0000000711700000, 0x0000000711800000, 0x0000000711800000|100%| E|CS|TAMS 0x0000000711700000, 0x0000000711700000| Complete 
| 254|0x0000000711800000, 0x0000000711900000, 0x0000000711900000|100%| E|CS|TAMS 0x0000000711800000, 0x0000000711800000| Complete 
| 255|0x0000000711900000, 0x0000000711a00000, 0x0000000711a00000|100%| E|CS|TAMS 0x0000000711900000, 0x0000000711900000| Complete 

Card table byte_map: [0x000001f977030000,0x000001f977830000] _byte_map_base: 0x000001f973823000

Marking Bits (Prev, Next): (CMBitMap*) 0x000001f96dde24c8, (CMBitMap*) 0x000001f96dde2500
 Prev Bits: [0x000001f978030000, 0x000001f97bfc8000)
 Next Bits: [0x000001f97bfd0000, 0x000001f97ff68000)

Polling page: 0x000001f96bd60000

Metaspace:

Usage:
  Non-class:      7.01 MB capacity,     6.93 MB ( 99%) used,    82.57 KB (  1%) free+waste,     5.94 KB ( <1%) overhead. 
      Class:    712.00 KB capacity,   671.30 KB ( 94%) used,    38.13 KB (  5%) free+waste,     2.56 KB ( <1%) overhead. 
       Both:      7.71 MB capacity,     7.58 MB ( 98%) used,   120.70 KB (  2%) free+waste,     8.50 KB ( <1%) overhead. 

Virtual space:
  Non-class space:        8.00 MB reserved,       7.25 MB ( 91%) committed 
      Class space:        1.00 GB reserved,     768.00 KB ( <1%) committed 
             Both:        1.01 GB reserved,       8.00 MB ( <1%) committed 

Chunk freelists:
   Non-Class:  51.00 KB
       Class:  24.00 KB
        Both:  75.00 KB

MaxMetaspaceSize: 17179869184.00 GB
CompressedClassSpaceSize: 1.00 GB
Initial GC threshold: 20.80 MB
Current GC threshold: 20.80 MB
CDS: off

CodeHeap 'non-profiled nmethods': size=120000Kb used=163Kb max_used=163Kb free=119836Kb
 bounds [0x000001f907ad0000, 0x000001f907d40000, 0x000001f90f000000]
CodeHeap 'profiled nmethods': size=120000Kb used=726Kb max_used=726Kb free=119273Kb
 bounds [0x000001f9005a0000, 0x000001f900810000, 0x000001f907ad0000]
CodeHeap 'non-nmethods': size=5760Kb used=1113Kb max_used=1122Kb free=4646Kb
 bounds [0x000001f900000000, 0x000001f900270000, 0x000001f9005a0000]
 total_blobs=840 nmethods=480 adapters=273
 compilation: enabled
              stopped_count=0, restarted_count=0
 full_count=0

Compilation events (20 events):
Event: 0.327 Thread 0x000001f91242f800  471       3       java.util.StringTokenizer::hasMoreTokens (29 bytes)
Event: 0.327 Thread 0x000001f91242f800 nmethod 471 0x000001f900652790 code [0x000001f900652940, 0x000001f900652ae8]
Event: 0.327 Thread 0x000001f91242f800  472       3       java.util.StringTokenizer::nextToken (92 bytes)
Event: 0.328 Thread 0x000001f91242f800 nmethod 472 0x000001f900652b90 code [0x000001f900652d80, 0x000001f900653098]
Event: 0.328 Thread 0x000001f91242f800  473       3       java.util.AbstractList::<init> (10 bytes)
Event: 0.328 Thread 0x000001f91242f800 nmethod 473 0x000001f900653210 code [0x000001f9006533c0, 0x000001f900653578]
Event: 0.330 Thread 0x000001f91242f800  475   !   3       java.nio.DirectByteBuffer::get (28 bytes)
Event: 0.330 Thread 0x000001f91242f800 nmethod 475 0x000001f900653690 code [0x000001f900653880, 0x000001f900653c68]
Event: 0.330 Thread 0x000001f91242f800  474       3       java.nio.Buffer::position (52 bytes)
Event: 0.330 Thread 0x000001f91242f800 nmethod 474 0x000001f900653e90 code [0x000001f900654060, 0x000001f9006542c8]
Event: 0.331 Thread 0x000001f91242f800  476       1       sun.util.locale.BaseLocale::getLanguage (5 bytes)
Event: 0.331 Thread 0x000001f91242f800 nmethod 476 0x000001f907af8b10 code [0x000001f907af8cc0, 0x000001f907af8d78]
Event: 0.332 Thread 0x000001f91242f800  477       3       java.lang.String::charAt (25 bytes)
Event: 0.333 Thread 0x000001f91242f800 nmethod 477 0x000001f900654390 code [0x000001f9006545a0, 0x000001f900654ab8]
Event: 0.333 Thread 0x000001f91242f800  478       3       java.util.Collections$UnmodifiableCollection$1::next (10 bytes)
Event: 0.333 Thread 0x000001f91242f800 nmethod 478 0x000001f900654d10 code [0x000001f900654ec0, 0x000001f900655088]
Event: 0.333 Thread 0x000001f91242f800  480       3       sun.nio.cs.SingleByte$Encoder::encode (32 bytes)
Event: 0.334 Thread 0x000001f91242f800 nmethod 480 0x000001f900655190 code [0x000001f900655340, 0x000001f9006554f8]
Event: 0.334 Thread 0x000001f91242f800  479       3       java.nio.ByteBuffer::position (8 bytes)
Event: 0.334 Thread 0x000001f91242f800 nmethod 479 0x000001f900655610 code [0x000001f9006557c0, 0x000001f900655908]

GC Heap History (0 events):
No events

Deoptimization events (20 events):
Event: 0.181 Thread 0x000001f96dd7d800 DEOPT PACKING pc=0x000001f9005df74b sp=0x0000003e1fdfa9b0
Event: 0.181 Thread 0x000001f96dd7d800 DEOPT UNPACKING pc=0x000001f90004a95e sp=0x0000003e1fdf9e80 mode 0
Event: 0.181 Thread 0x000001f96dd7d800 DEOPT PACKING pc=0x000001f9005df74b sp=0x0000003e1fdfa9b0
Event: 0.181 Thread 0x000001f96dd7d800 DEOPT UNPACKING pc=0x000001f90004a95e sp=0x0000003e1fdf9e80 mode 0
Event: 0.181 Thread 0x000001f96dd7d800 DEOPT PACKING pc=0x000001f9005df74b sp=0x0000003e1fdfa9b0
Event: 0.181 Thread 0x000001f96dd7d800 DEOPT UNPACKING pc=0x000001f90004a95e sp=0x0000003e1fdf9e80 mode 0
Event: 0.181 Thread 0x000001f96dd7d800 DEOPT PACKING pc=0x000001f9005df74b sp=0x0000003e1fdfa9b0
Event: 0.181 Thread 0x000001f96dd7d800 DEOPT UNPACKING pc=0x000001f90004a95e sp=0x0000003e1fdf9e80 mode 0
Event: 0.193 Thread 0x000001f96dd7d800 Uncommon trap: trap_request=0xffffff4d fr.pc=0x000001f907ae4d30 relative=0x0000000000000170
Event: 0.193 Thread 0x000001f96dd7d800 Uncommon trap: reason=unstable_if action=reinterpret pc=0x000001f907ae4d30 method=java.util.zip.ZipFile$Source.isMetaName([BII)Z @ 43 c2
Event: 0.193 Thread 0x000001f96dd7d800 DEOPT PACKING pc=0x000001f907ae4d30 sp=0x0000003e1fdfa9e0
Event: 0.193 Thread 0x000001f96dd7d800 DEOPT UNPACKING pc=0x000001f90004a1af sp=0x0000003e1fdfa988 mode 2
Event: 0.231 Thread 0x000001f96dd7d800 DEOPT PACKING pc=0x000001f9005d3ce2 sp=0x0000003e1fdfab90
Event: 0.232 Thread 0x000001f96dd7d800 DEOPT UNPACKING pc=0x000001f90004a95e sp=0x0000003e1fdfa020 mode 0
Event: 0.247 Thread 0x000001f96dd7d800 DEOPT PACKING pc=0x000001f9005ea3d0 sp=0x0000003e1fdfa970
Event: 0.247 Thread 0x000001f96dd7d800 DEOPT UNPACKING pc=0x000001f90004a95e sp=0x0000003e1fdf9e10 mode 0
Event: 0.331 Thread 0x000001f96dd7d800 Uncommon trap: trap_request=0xffffff4d fr.pc=0x000001f907ad6014 relative=0x0000000000000074
Event: 0.331 Thread 0x000001f96dd7d800 Uncommon trap: reason=unstable_if action=reinterpret pc=0x000001f907ad6014 method=java.lang.String.isLatin1()Z @ 10 c2
Event: 0.331 Thread 0x000001f96dd7d800 DEOPT PACKING pc=0x000001f907ad6014 sp=0x0000003e1fdfda60
Event: 0.331 Thread 0x000001f96dd7d800 DEOPT UNPACKING pc=0x000001f90004a1af sp=0x0000003e1fdfd9a0 mode 2

Classes redefined (0 events):
No events

Internal exceptions (1 events):
Event: 0.333 Thread 0x000001f96dd7d800 Exception <a 'java/lang/reflect/InvocationTargetException'{0x0000000710fd4348}> (0x0000000710fd4348) thrown at [s\src\hotspot\share\runtime\reflection.cpp, line 1245]

Events (20 events):
Event: 0.332 loading class java/util/Formatter$FixedString
Event: 0.332 loading class java/util/Formatter$FormatString
Event: 0.332 loading class java/util/Formatter$FormatString done
Event: 0.332 loading class java/util/Formatter$FixedString done
Event: 0.332 loading class java/util/Formatter$FormatSpecifier
Event: 0.332 loading class java/util/Formatter$FormatSpecifier done
Event: 0.332 loading class java/util/Formatter$Flags
Event: 0.332 loading class java/util/Formatter$Flags done
Event: 0.332 loading class java/util/Formatter$Conversion
Event: 0.332 loading class java/util/Formatter$Conversion done
Event: 0.332 loading class java/util/Formattable
Event: 0.333 loading class java/util/Formattable done
Event: 0.333 loading class java/lang/reflect/InvocationTargetException
Event: 0.333 loading class java/lang/reflect/InvocationTargetException done
Event: 0.333 loading class java/lang/Throwable$WrappedPrintStream
Event: 0.333 loading class java/lang/Throwable$PrintStreamOrWriter
Event: 0.333 loading class java/lang/Throwable$PrintStreamOrWriter done
Event: 0.333 loading class java/lang/Throwable$WrappedPrintStream done
Event: 0.333 loading class java/lang/StackTraceElement$HashedModules
Event: 0.333 loading class java/lang/StackTraceElement$HashedModules done


Dynamic libraries:
0x00007ff6d9c90000 - 0x00007ff6d9c9d000 	C:\Users\Lenovo\.jdks\corretto-11.0.20.1\bin\java.exe
0x00007fff71d70000 - 0x00007fff71f68000 	C:\Windows\SYSTEM32\ntdll.dll
0x00007fff71af0000 - 0x00007fff71baf000 	C:\Windows\System32\KERNEL32.DLL
0x00007fff6f830000 - 0x00007fff6fb26000 	C:\Windows\System32\KERNELBASE.dll
0x00007fff6f730000 - 0x00007fff6f830000 	C:\Windows\System32\ucrtbase.dll
0x00007fff46ea0000 - 0x00007fff46eb9000 	C:\Users\Lenovo\.jdks\corretto-11.0.20.1\bin\VCRUNTIME140.dll
0x00007fff46ec0000 - 0x00007fff46ed7000 	C:\Users\Lenovo\.jdks\corretto-11.0.20.1\bin\jli.dll
0x00007fff71330000 - 0x00007fff714cd000 	C:\Windows\System32\USER32.dll
0x00007fff6fda0000 - 0x00007fff6fdc2000 	C:\Windows\System32\win32u.dll
0x00007fff5b410000 - 0x00007fff5b6aa000 	C:\Windows\WinSxS\amd64_microsoft.windows.common-controls_6595b64144ccf1df_6.0.19041.1110_none_60b5254171f9507e\COMCTL32.dll
0x00007fff708c0000 - 0x00007fff708ec000 	C:\Windows\System32\GDI32.dll
0x00007fff708f0000 - 0x00007fff7098e000 	C:\Windows\System32\msvcrt.dll
0x00007fff6f590000 - 0x00007fff6f6a5000 	C:\Windows\System32\gdi32full.dll
0x00007fff6fb30000 - 0x00007fff6fbcd000 	C:\Windows\System32\msvcp_win.dll
0x00007fff71bd0000 - 0x00007fff71c00000 	C:\Windows\System32\IMM32.DLL
0x00007fff458e0000 - 0x00007fff4597b000 	C:\Users\Lenovo\.jdks\corretto-11.0.20.1\bin\msvcp140.dll
0x00007ffefb610000 - 0x00007ffefc19b000 	C:\Users\Lenovo\.jdks\corretto-11.0.20.1\bin\server\jvm.dll
0x00007fff714e0000 - 0x00007fff7158f000 	C:\Windows\System32\ADVAPI32.dll
0x00007fff71c00000 - 0x00007fff71c9c000 	C:\Windows\System32\sechost.dll
0x00007fff6ff70000 - 0x00007fff70096000 	C:\Windows\System32\RPCRT4.dll
0x00007fff70a40000 - 0x00007fff70a48000 	C:\Windows\System32\PSAPI.DLL
0x00007fff5bf40000 - 0x00007fff5bf67000 	C:\Windows\SYSTEM32\WINMM.dll
0x00007fff67900000 - 0x00007fff67909000 	C:\Windows\SYSTEM32\WSOCK32.dll
0x00007fff631f0000 - 0x00007fff631fa000 	C:\Windows\SYSTEM32\VERSION.dll
0x00007fff70b80000 - 0x00007fff70beb000 	C:\Windows\System32\WS2_32.dll
0x00007fff6d2b0000 - 0x00007fff6d2c2000 	C:\Windows\SYSTEM32\kernel.appcore.dll
0x00007fff5de60000 - 0x00007fff5de70000 	C:\Users\Lenovo\.jdks\corretto-11.0.20.1\bin\verify.dll
0x00007fff6ae70000 - 0x00007fff6b054000 	C:\Windows\SYSTEM32\DBGHELP.DLL
0x00007fff6ae30000 - 0x00007fff6ae64000 	C:\Windows\SYSTEM32\dbgcore.DLL
0x00007fff6f450000 - 0x00007fff6f4d2000 	C:\Windows\System32\bcryptPrimitives.dll
0x00007fff5de30000 - 0x00007fff5de58000 	C:\Users\Lenovo\.jdks\corretto-11.0.20.1\bin\java.dll
0x00007fff562d0000 - 0x00007fff562da000 	C:\Users\Lenovo\.jdks\corretto-11.0.20.1\bin\jimage.dll
0x00007fff68470000 - 0x00007fff6847e000 	C:\Users\Lenovo\.jdks\corretto-11.0.20.1\bin\instrument.dll
0x00007fff3d840000 - 0x00007fff3d858000 	C:\Users\Lenovo\.jdks\corretto-11.0.20.1\bin\zip.dll
0x00007fff70170000 - 0x00007fff708b4000 	C:\Windows\System32\SHELL32.dll
0x00007fff6d4b0000 - 0x00007fff6dc43000 	C:\Windows\SYSTEM32\windows.storage.dll
0x00007fff71590000 - 0x00007fff718e4000 	C:\Windows\System32\combase.dll
0x00007fff6edb0000 - 0x00007fff6edde000 	C:\Windows\SYSTEM32\Wldp.dll
0x00007fff70990000 - 0x00007fff70a3d000 	C:\Windows\System32\SHCORE.dll
0x00007fff71a90000 - 0x00007fff71ae5000 	C:\Windows\System32\shlwapi.dll
0x00007fff6f380000 - 0x00007fff6f3a5000 	C:\Windows\SYSTEM32\profapi.dll
0x00007fff46e80000 - 0x00007fff46e99000 	C:\Users\Lenovo\.jdks\corretto-11.0.20.1\bin\net.dll
0x00007fff61e20000 - 0x00007fff61f2a000 	C:\Windows\SYSTEM32\WINHTTP.dll
0x00007fff6eb90000 - 0x00007fff6ebfa000 	C:\Windows\system32\mswsock.dll
0x00007fff457f0000 - 0x00007fff45803000 	C:\Users\Lenovo\.jdks\corretto-11.0.20.1\bin\nio.dll
0x00007fff562e0000 - 0x00007fff562f7000 	C:\Windows\system32\napinsp.dll
0x00007fff55ad0000 - 0x00007fff55aeb000 	C:\Windows\system32\pnrpnsp.dll
0x00007fff55a00000 - 0x00007fff55a15000 	C:\Windows\system32\wshbth.dll
0x00007fff6a4e0000 - 0x00007fff6a4fd000 	C:\Windows\system32\NLAapi.dll
0x00007fff6e850000 - 0x00007fff6e88b000 	C:\Windows\SYSTEM32\IPHLPAPI.DLL
0x00007fff6e8a0000 - 0x00007fff6e96a000 	C:\Windows\SYSTEM32\DNSAPI.dll
0x00007fff71ca0000 - 0x00007fff71ca8000 	C:\Windows\System32\NSI.dll
0x00007fff559c0000 - 0x00007fff559d2000 	C:\Windows\System32\winrnr.dll
0x00007fff610b0000 - 0x00007fff610ba000 	C:\Windows\System32\rasadhlp.dll
0x00007fff5f250000 - 0x00007fff5f2d2000 	C:\Windows\System32\fwpuclnt.dll
0x00007fff6f700000 - 0x00007fff6f727000 	C:\Windows\System32\bcrypt.dll

dbghelp: loaded successfully - version: 4.0.5 - missing functions: none
symbol engine: initialized successfully - sym options: 0x614 - pdb path: .;C:\Users\Lenovo\.jdks\corretto-11.0.20.1\bin;C:\Windows\SYSTEM32;C:\Windows\WinSxS\amd64_microsoft.windows.common-controls_6595b64144ccf1df_6.0.19041.1110_none_60b5254171f9507e;C:\Users\Lenovo\.jdks\corretto-11.0.20.1\bin\server

VM Arguments:
jvm_args: -javaagent:C:\\Users\\Lenovo\\.m2\\repository\\org\\jacoco\\org.jacoco.agent\\0.7.9\\org.jacoco.agent-0.7.9-runtime.jar=destfile=D:\\DevOps\\projetSpring\\DevOps_Project\\DevOps_Project\\target\\jacoco.exec 
java_command: C:\Users\Lenovo\AppData\Local\Temp\surefire16605814683151895636\surefirebooter-20231029012550306_3.jar C:\Users\Lenovo\AppData\Local\Temp\surefire16605814683151895636 2023-10-29T01-25-47_259-jvmRun1 surefire-20231029012550306_1tmp surefire_0-20231029012550306_2tmp
java_class_path (initial): C:\Users\Lenovo\AppData\Local\Temp\surefire16605814683151895636\surefirebooter-20231029012550306_3.jar
Launcher Type: SUN_STANDARD

[Global flags]
     intx CICompilerCount                          = 4                                         {product} {ergonomic}
     uint ConcGCThreads                            = 2                                         {product} {ergonomic}
     uint G1ConcRefinementThreads                  = 8                                         {product} {ergonomic}
   size_t G1HeapRegionSize                         = 1048576                                   {product} {ergonomic}
    uintx GCDrainStackTargetSize                   = 64                                        {product} {ergonomic}
   size_t InitialHeapSize                          = 268435456                                 {product} {ergonomic}
   size_t MarkStackSize                            = 4194304                                   {product} {ergonomic}
   size_t MaxHeapSize                              = 4267704320                                {product} {ergonomic}
   size_t MaxNewSize                               = 2560622592                                {product} {ergonomic}
   size_t MinHeapDeltaBytes                        = 1048576                                   {product} {ergonomic}
    uintx NonNMethodCodeHeapSize                   = 5836300                                {pd product} {ergonomic}
    uintx NonProfiledCodeHeapSize                  = 122910970                              {pd product} {ergonomic}
    uintx ProfiledCodeHeapSize                     = 122910970                              {pd product} {ergonomic}
    uintx ReservedCodeCacheSize                    = 251658240                              {pd product} {ergonomic}
     bool SegmentedCodeCache                       = true                                      {product} {ergonomic}
     bool UseCompressedClassPointers               = true                                 {lp64_product} {ergonomic}
     bool UseCompressedOops                        = true                                 {lp64_product} {ergonomic}
     bool UseG1GC                                  = true                                      {product} {ergonomic}
     bool UseLargePagesIndividualAllocation        = false                                  {pd product} {ergonomic}

Logging:
Log output configuration:
 #0: stdout all=warning uptime,level,tags
 #1: stderr all=off uptime,level,tags

Environment Variables:
PATH=C:\Program Files (x86)\Common Files\Oracle\Java\javapath;C:\Python311\Scripts\;C:\Python311\;C:\Program Files (x86)\Intel\iCLS Client\;C:\Program Files\Intel\iCLS Client\;C:\Windows\system32;C:\Windows;C:\Windows\System32\Wbem;C:\Windows\System32\WindowsPowerShell\v1.0\;C:\Windows\System32\OpenSSH\;C:\Program Files (x86)\NVIDIA Corporation\PhysX\Common;C:\Program Files (x86)\Intel\Intel(R) Management Engine Components\DAL;C:\Program Files\Intel\Intel(R) Management Engine Components\DAL;C:\Program Files (x86)\Intel\Intel(R) Management Engine Components\IPT;C:\Program Files\Intel\Intel(R) Management Engine Components\IPT;C:\Program Files\nodejs\;C:\ProgramData\chocolatey\bin;C:\Program Files\Git\cmd;C:\Program Files\Microsoft SQL Server\Client SDK\ODBC\170\Tools\Binn\;C:\Program Files\dotnet\;C:\Program Files\NVIDIA Corporation\NVIDIA NvDLISR;C:\HashiCorp\Vagrant\bin;C:\composer;C:\wamp64\bin\php\php8.0.26;C:\Program Files\Docker\Docker\resources\bin;C:\Users\Lenovo\AppData\Local\Microsoft\WindowsApps;C:\Users\Lenovo\AppData\Roaming\npm;C:\Users\Lenovo\AppData\Local\Programs\Microsoft VS Code\bin;C:\Program Files\JetBrains\IntelliJ IDEA 2022.3\bin;;C:\Users\Lenovo\.dotnet\tools;C:\Program Files\MongoDB\Server\4.0\bin;C:\Users\Lenovo\AppData\Roaming\Composer\vendor\bin
USERNAME=Lenovo
OS=Windows_NT
PROCESSOR_IDENTIFIER=Intel64 Family 6 Model 158 Stepping 9, GenuineIntel
TMP=C:\Users\Lenovo\AppData\Local\Temp
TEMP=C:\Users\Lenovo\AppData\Local\Temp



---------------  S Y S T E M  ---------------

OS: Windows 10 , 64 bit Build 19041 (10.0.19041.3155)
OS uptime: 13 days 1:46 hours
Hyper-V role detected

CPU:total 8 (initial active 8) (4 cores per cpu, 2 threads per core) family 6 model 158 stepping 9 microcode 0xb4, cmov, cx8, fxsr, mmx, sse, sse2, sse3, ssse3, sse4.1, sse4.2, popcnt, avx, avx2, aes, clmul, erms, 3dnowpref, lzcnt, ht, tsc, tscinvbit, bmi1, bmi2, adx, fma

Memory: 4k page, system-wide physical 16276M (2309M free)
TotalPageFile size 26059M (AvailPageFile size 3857M)
current process WorkingSet (physical memory assigned to process): 61M, peak: 61M
current process commit charge ("private bytes"): 350M, peak: 350M

vm_info: OpenJDK 64-Bit Server VM (11.0.20.1+9-LTS) for windows-amd64 JRE (11.0.20.1+9-LTS), built on Aug 19 2023 03:46:24 by "Administrator" with MS VC++ 15.9 (VS2017)

END.
